<?xml version="1.0" encoding="UTF-8"?>
<testng-results ignored="0" total="3" passed="3" failed="0" skipped="0">
  <reporter-output>
  </reporter-output>
  <suite started-at="2026-03-02T11:07:54 IST" name="Default suite" finished-at="2026-03-02T11:07:54 IST" duration-ms="159">
    <groups>
    </groups>
    <test started-at="2026-03-02T11:07:54 IST" name="Default test" finished-at="2026-03-02T11:07:54 IST" duration-ms="159">
      <class name="example.TestClass">
        <test-method signature="test1()[pri:0, instance:example.TestClass@59662a0b]" started-at="2026-03-02T11:07:54 IST" name="test1" finished-at="2026-03-02T11:07:54 IST" duration-ms="41" status="PASS">
          <reporter-output>
          </reporter-output>
        </test-method> <!-- test1 -->
        <test-method signature="test2()[pri:0, instance:example.TestClass@59662a0b]" started-at="2026-03-02T11:07:54 IST" name="test2" finished-at="2026-03-02T11:07:54 IST" duration-ms="3" status="PASS">
          <reporter-output>
          </reporter-output>
        </test-method> <!-- test2 -->
        <test-method signature="test3()[pri:0, instance:example.TestClass@59662a0b]" started-at="2026-03-02T11:07:54 IST" name="test3" finished-at="2026-03-02T11:07:54 IST" duration-ms="4" status="PASS">
          <reporter-output>
          </reporter-output>
        </test-method> <!-- test3 -->
      </class> <!-- example.TestClass -->
    </test> <!-- Default test -->
  </suite> <!-- Default suite -->
</testng-results>
