<?xml version="1.0" encoding="UTF-8"?>
<!-- Generated by org.testng.reporters.JUnitReportReporter -->
<testsuite hostname="DESKTOP-QIVB45F" failures="0" tests="3" name="testNg.LoginTest" time="16.810" errors="0" timestamp="2026-02-17T16:38:26 IST" skipped="0">
  <testcase classname="testNg.LoginTest" name="loginTest" time="3.861"/>
  <testcase classname="testNg.LoginTest" name="loginTest" time="8.676"/>
  <testcase classname="testNg.LoginTest" name="loginTest" time="4.273"/>
</testsuite> <!-- testNg.LoginTest -->
