<?xml version="1.0" encoding="UTF-8"?>
<!-- Generated by org.testng.reporters.JUnitReportReporter -->
<testsuite hostname="DESKTOP-QIVB45F" failures="0" tests="3" name="testNg.Login" time="24.634" errors="0" timestamp="2026-02-18T12:18:20 IST" skipped="0">
  <testcase classname="testNg.Login" name="loginTest" time="12.381"/>
  <testcase classname="testNg.Login" name="loginTest" time="6.334"/>
  <testcase classname="testNg.Login" name="loginTest" time="5.919"/>
</testsuite> <!-- testNg.Login -->
