<?xml version="1.0" encoding="UTF-8"?>
<testng-results ignored="0" total="1" passed="1" failed="0" skipped="0">
  <reporter-output>
  </reporter-output>
  <suite started-at="2026-02-27T15:38:48 IST" name="Default suite" finished-at="2026-02-27T15:38:52 IST" duration-ms="3854">
    <groups>
    </groups>
    <test started-at="2026-02-27T15:38:48 IST" name="Default test" finished-at="2026-02-27T15:38:52 IST" duration-ms="3854">
      <class name="testNg.APITest">
        <test-method signature="getUserTest()[pri:0, instance:testNg.APITest@1bb5a082]" started-at="2026-02-27T15:38:48 IST" name="getUserTest" finished-at="2026-02-27T15:38:52 IST" duration-ms="3788" status="PASS">
          <reporter-output>
          </reporter-output>
        </test-method> <!-- getUserTest -->
      </class> <!-- testNg.APITest -->
    </test> <!-- Default test -->
  </suite> <!-- Default suite -->
</testng-results>
