<?xml version="1.0" encoding="UTF-8"?>
<!-- Generated by org.testng.reporters.JUnitXMLReporter -->
<testsuite ignored="0" hostname="DESKTOP-QIVB45F" failures="0" tests="3" name="Default test" time="0.159" errors="0" timestamp="2026-03-02T11:07:54 IST">
  <testcase classname="example.TestClass" name="test1" time="0.041"/>
  <testcase classname="example.TestClass" name="test2" time="0.003"/>
  <testcase classname="example.TestClass" name="test3" time="0.004"/>
</testsuite> <!-- Default test -->
